c:\users\fotel\documents\visual studio 2017\projects\settingsgenerator\settingsgenerator\debug\settingsgenerator.pch
c:\users\fotel\documents\visual studio 2017\projects\settingsgenerator\settingsgenerator\debug\vc141.pdb
c:\users\fotel\documents\visual studio 2017\projects\settingsgenerator\settingsgenerator\debug\vc141.idb
c:\users\fotel\documents\visual studio 2017\projects\settingsgenerator\settingsgenerator\debug\stdafx.obj
c:\users\fotel\documents\visual studio 2017\projects\settingsgenerator\settingsgenerator\debug\settingsgenerator.obj
c:\users\fotel\documents\visual studio 2017\projects\settingsgenerator\debug\settingsgenerator.ilk
c:\users\fotel\documents\visual studio 2017\projects\settingsgenerator\debug\settingsgenerator.exe
c:\users\fotel\documents\visual studio 2017\projects\settingsgenerator\debug\settingsgenerator.pdb
c:\users\fotel\documents\arduino\temperature-station\settingsgenerator\settingsgenerator\debug\settingsgenerator.obj
c:\users\fotel\documents\arduino\temperature-station\settingsgenerator\settingsgenerator\debug\stdafx.obj
c:\users\fotel\documents\arduino\temperature-station\settingsgenerator\settingsgenerator\debug\settingsgenerator.pch
c:\users\fotel\documents\arduino\temperature-station\settingsgenerator\settingsgenerator\debug\vc141.idb
c:\users\fotel\documents\arduino\temperature-station\settingsgenerator\settingsgenerator\debug\vc141.pdb
c:\users\fotel\documents\arduino\temperature-station\settingsgenerator\debug\settingsgenerator.pdb
c:\users\fotel\documents\arduino\temperature-station\settingsgenerator\debug\settingsgenerator.exe
c:\users\fotel\documents\arduino\temperature-station\settingsgenerator\debug\settingsgenerator.ilk
c:\users\fotel\documents\arduino\temperature-station\settingsgenerator\settingsgenerator\debug\settings.08b8dcbb.tlog\cl.command.1.tlog
c:\users\fotel\documents\arduino\temperature-station\settingsgenerator\settingsgenerator\debug\settings.08b8dcbb.tlog\cl.read.1.tlog
c:\users\fotel\documents\arduino\temperature-station\settingsgenerator\settingsgenerator\debug\settings.08b8dcbb.tlog\cl.write.1.tlog
c:\users\fotel\documents\arduino\temperature-station\settingsgenerator\settingsgenerator\debug\settings.08b8dcbb.tlog\link.command.1.tlog
c:\users\fotel\documents\arduino\temperature-station\settingsgenerator\settingsgenerator\debug\settings.08b8dcbb.tlog\link.read.1.tlog
c:\users\fotel\documents\arduino\temperature-station\settingsgenerator\settingsgenerator\debug\settings.08b8dcbb.tlog\link.write.1.tlog
